<?xml version="1.0" encoding="UTF-8"?>
<!-- Generated by org.testng.reporters.JUnitReportReporter -->
<testsuite skipped="0" hostname="DESKTOP-LQHB81I" name="com.amazon.testcases.ProductPageTest" tests="1" failures="0" timestamp="05 Jan 2020 20:15:23 GMT" time="23.317" errors="0">
  <testcase name="verifyAddCartOption" time="23.317" classname="com.amazon.testcases.ProductPageTest"/>
</testsuite> <!-- com.amazon.testcases.ProductPageTest -->
