<?xml version="1.0" encoding="UTF-8"?>
<!-- Generated by org.testng.reporters.JUnitReportReporter -->
<testsuite skipped="0" hostname="DESKTOP-LQHB81I" name="com.amazon.testcases.LoginPageTest" tests="1" failures="0" timestamp="22 Dec 2019 21:00:34 GMT" time="10.180" errors="0">
  <testcase name="verifyLoginFn" time="10.180" classname="com.amazon.testcases.LoginPageTest"/>
</testsuite> <!-- com.amazon.testcases.LoginPageTest -->
