<?xml version="1.0" encoding="UTF-8"?>
<!-- Generated by org.testng.reporters.JUnitReportReporter -->
<testsuite skipped="0" hostname="DESKTOP-LQHB81I" name="com.amazon.testcases.LandindPageTest" tests="1" failures="0" timestamp="21 Dec 2019 23:39:21 GMT" time="10.814" errors="0">
  <testcase name="verifySigninLink" time="10.814" classname="com.amazon.testcases.LandindPageTest"/>
</testsuite> <!-- com.amazon.testcases.LandindPageTest -->
